<?xml version="1.0" encoding="UTF-8"?>
<robot generator="Robot 6.1 (Python 3.11.4 on win32)" generated="20230726 16:01:09.539" rpa="false" schemaversion="4">
<suite id="s1" name="Front Office" source="C:\Users\lucas\Documents\Robot Projects\robot-linkedin-course-test\Front Office\tests\Front_Office.robot">
<test id="s1-t1" name="Should be able to access Team page" line="12">
<kw name="Open the browser" library="Common" type="SETUP">
<kw name="Open Browser" library="SeleniumLibrary">
<arg>${URL}</arg>
<arg>${BROWSER}</arg>
<doc>Opens a new browser instance to the optional ``url``.</doc>
<msg timestamp="20230726 16:01:09.743" level="INFO">Opening browser 'chrome' to base url 'https://automationplayground.com/front-office/'.</msg>
<status status="PASS" starttime="20230726 16:01:09.743" endtime="20230726 16:01:12.599"/>
</kw>
<kw name="Maximize Browser Window" library="SeleniumLibrary">
<doc>Maximizes current browser window.</doc>
<status status="PASS" starttime="20230726 16:01:12.599" endtime="20230726 16:01:12.722"/>
</kw>
<kw name="Set Selenium Speed" library="SeleniumLibrary">
<arg>.2s</arg>
<doc>Sets the delay that is waited after each Selenium command.</doc>
<status status="PASS" starttime="20230726 16:01:12.723" endtime="20230726 16:01:12.724"/>
</kw>
<kw name="Set Selenium Timeout" library="SeleniumLibrary">
<arg>10s</arg>
<doc>Sets the timeout that is used by various keywords.</doc>
<status status="PASS" starttime="20230726 16:01:12.724" endtime="20230726 16:01:12.929"/>
</kw>
<status status="PASS" starttime="20230726 16:01:09.742" endtime="20230726 16:01:12.929"/>
</kw>
<kw name="Access Team Page" library="FrontOfficeApp">
<kw name="Click Link" library="SeleniumLibrary">
<arg>Team</arg>
<doc>Clicks a link identified by ``locator``.</doc>
<msg timestamp="20230726 16:01:12.933" level="INFO">Clicking link 'Team'.</msg>
<status status="PASS" starttime="20230726 16:01:12.931" endtime="20230726 16:01:13.634"/>
</kw>
<kw name="Wait Until Page Contains" library="SeleniumLibrary">
<arg>Our Amazing Team</arg>
<doc>Waits until ``text`` appears on the current page.</doc>
<status status="PASS" starttime="20230726 16:01:13.634" endtime="20230726 16:01:13.874"/>
</kw>
<status status="PASS" starttime="20230726 16:01:12.930" endtime="20230726 16:01:13.874"/>
</kw>
<kw name="Close the browser" library="Common" type="TEARDOWN">
<kw name="Sleep" library="BuiltIn">
<arg>3s</arg>
<doc>Pauses the test executed for the given time.</doc>
<msg timestamp="20230726 16:01:16.877" level="INFO">Slept 3 seconds</msg>
<status status="PASS" starttime="20230726 16:01:13.876" endtime="20230726 16:01:16.877"/>
</kw>
<kw name="Close All Browsers" library="SeleniumLibrary">
<doc>Closes all open browsers and resets the browser cache.</doc>
<status status="PASS" starttime="20230726 16:01:16.877" endtime="20230726 16:01:19.323"/>
</kw>
<status status="PASS" starttime="20230726 16:01:13.875" endtime="20230726 16:01:19.323"/>
</kw>
<doc>Access team page</doc>
<tag>001</tag>
<status status="PASS" starttime="20230726 16:01:09.742" endtime="20230726 16:01:19.323"/>
</test>
<test id="s1-t2" name="Team page should match requirements" line="17">
<kw name="Open the browser" library="Common" type="SETUP">
<kw name="Open Browser" library="SeleniumLibrary">
<arg>${URL}</arg>
<arg>${BROWSER}</arg>
<doc>Opens a new browser instance to the optional ``url``.</doc>
<msg timestamp="20230726 16:01:19.325" level="INFO">Opening browser 'chrome' to base url 'https://automationplayground.com/front-office/'.</msg>
<status status="PASS" starttime="20230726 16:01:19.325" endtime="20230726 16:01:26.496"/>
</kw>
<kw name="Maximize Browser Window" library="SeleniumLibrary">
<doc>Maximizes current browser window.</doc>
<status status="PASS" starttime="20230726 16:01:26.496" endtime="20230726 16:01:26.813"/>
</kw>
<kw name="Set Selenium Speed" library="SeleniumLibrary">
<arg>.2s</arg>
<doc>Sets the delay that is waited after each Selenium command.</doc>
<status status="PASS" starttime="20230726 16:01:26.813" endtime="20230726 16:01:26.813"/>
</kw>
<kw name="Set Selenium Timeout" library="SeleniumLibrary">
<arg>10s</arg>
<doc>Sets the timeout that is used by various keywords.</doc>
<status status="PASS" starttime="20230726 16:01:26.813" endtime="20230726 16:01:27.014"/>
</kw>
<status status="PASS" starttime="20230726 16:01:19.325" endtime="20230726 16:01:27.014"/>
</kw>
<kw name="Check Requirements from Team Page" library="FrontOfficeApp">
<kw name="Click Link" library="SeleniumLibrary">
<arg>Team</arg>
<doc>Clicks a link identified by ``locator``.</doc>
<msg timestamp="20230726 16:01:27.018" level="INFO">Clicking link 'Team'.</msg>
<status status="PASS" starttime="20230726 16:01:27.016" endtime="20230726 16:01:27.735"/>
</kw>
<kw name="Wait Until Page Contains" library="SeleniumLibrary">
<arg>Our Amazing Team</arg>
<doc>Waits until ``text`` appears on the current page.</doc>
<status status="PASS" starttime="20230726 16:01:27.735" endtime="20230726 16:01:27.946"/>
</kw>
<kw name="Wait Until Page Contains" library="SeleniumLibrary">
<arg>Kay Garland</arg>
<doc>Waits until ``text`` appears on the current page.</doc>
<status status="PASS" starttime="20230726 16:01:27.946" endtime="20230726 16:01:28.178"/>
</kw>
<kw name="Wait Until Page Contains" library="SeleniumLibrary">
<arg>Lead Designer</arg>
<doc>Waits until ``text`` appears on the current page.</doc>
<status status="PASS" starttime="20230726 16:01:28.178" endtime="20230726 16:01:28.405"/>
</kw>
<kw name="Wait Until Page Contains" library="SeleniumLibrary">
<arg>Larry Parker</arg>
<doc>Waits until ``text`` appears on the current page.</doc>
<status status="PASS" starttime="20230726 16:01:28.405" endtime="20230726 16:01:28.632"/>
</kw>
<kw name="Wait Until Page Contains" library="SeleniumLibrary">
<arg>Lead Marketer</arg>
<doc>Waits until ``text`` appears on the current page.</doc>
<status status="PASS" starttime="20230726 16:01:28.632" endtime="20230726 16:01:28.860"/>
</kw>
<kw name="Wait Until Page Contains" library="SeleniumLibrary">
<arg>Diana Pertersen</arg>
<doc>Waits until ``text`` appears on the current page.</doc>
<status status="PASS" starttime="20230726 16:01:28.860" endtime="20230726 16:01:29.080"/>
</kw>
<kw name="Wait Until Page Contains" library="SeleniumLibrary">
<arg>Lead Developer</arg>
<doc>Waits until ``text`` appears on the current page.</doc>
<status status="PASS" starttime="20230726 16:01:29.080" endtime="20230726 16:01:29.307"/>
</kw>
<status status="PASS" starttime="20230726 16:01:27.015" endtime="20230726 16:01:29.307"/>
</kw>
<kw name="Close the browser" library="Common" type="TEARDOWN">
<kw name="Sleep" library="BuiltIn">
<arg>3s</arg>
<doc>Pauses the test executed for the given time.</doc>
<msg timestamp="20230726 16:01:32.310" level="INFO">Slept 3 seconds</msg>
<status status="PASS" starttime="20230726 16:01:29.309" endtime="20230726 16:01:32.310"/>
</kw>
<kw name="Close All Browsers" library="SeleniumLibrary">
<doc>Closes all open browsers and resets the browser cache.</doc>
<status status="PASS" starttime="20230726 16:01:32.310" endtime="20230726 16:01:34.563"/>
</kw>
<status status="PASS" starttime="20230726 16:01:29.308" endtime="20230726 16:01:34.564"/>
</kw>
<doc>Match Requirements from Team page</doc>
<tag>002</tag>
<status status="PASS" starttime="20230726 16:01:19.324" endtime="20230726 16:01:34.565"/>
</test>
<doc>Front Office Example</doc>
<status status="PASS" starttime="20230726 16:01:09.540" endtime="20230726 16:01:34.569"/>
</suite>
<statistics>
<total>
<stat pass="2" fail="0" skip="0">All Tests</stat>
</total>
<tag>
<stat pass="1" fail="0" skip="0">001</stat>
<stat pass="1" fail="0" skip="0">002</stat>
</tag>
<suite>
<stat pass="2" fail="0" skip="0" id="s1" name="Front Office">Front Office</stat>
</suite>
</statistics>
<errors>
</errors>
</robot>
