<?xml version="1.0" encoding="UTF-8"?>
<robot generator="Robot 6.1 (Python 3.11.4 on win32)" generated="20230726 16:51:40.321" rpa="false" schemaversion="4">
<suite id="s1" name="Front Office" source="C:\Users\lucas\Documents\Robot Projects\robot-linkedin-course-test\Front Office\tests\Front_Office.robot">
<test id="s1-t1" name="Should be able to access Team page" line="12">
<kw name="Open the browser" library="Common" type="SETUP">
<kw name="Open Browser" library="SeleniumLibrary">
<arg>${URL}</arg>
<arg>${BROWSER}</arg>
<doc>Opens a new browser instance to the optional ``url``.</doc>
<msg timestamp="20230726 16:51:40.509" level="INFO">Opening browser 'chrome' to base url 'https://automationplayground.com/front-office/'.</msg>
<status status="PASS" starttime="20230726 16:51:40.508" endtime="20230726 16:51:43.468"/>
</kw>
<kw name="Maximize Browser Window" library="SeleniumLibrary">
<doc>Maximizes current browser window.</doc>
<status status="PASS" starttime="20230726 16:51:43.468" endtime="20230726 16:51:43.582"/>
</kw>
<kw name="Set Selenium Speed" library="SeleniumLibrary">
<arg>.2s</arg>
<doc>Sets the delay that is waited after each Selenium command.</doc>
<status status="PASS" starttime="20230726 16:51:43.582" endtime="20230726 16:51:43.583"/>
</kw>
<kw name="Set Selenium Timeout" library="SeleniumLibrary">
<arg>10s</arg>
<doc>Sets the timeout that is used by various keywords.</doc>
<status status="PASS" starttime="20230726 16:51:43.583" endtime="20230726 16:51:43.788"/>
</kw>
<status status="PASS" starttime="20230726 16:51:40.508" endtime="20230726 16:51:43.788"/>
</kw>
<kw name="Access Team Page" library="FrontOfficeApp">
<kw name="Click Element" library="SeleniumLibrary">
<arg>${ELEMENT_TEAM}</arg>
<doc>Click the element identified by ``locator``.</doc>
<msg timestamp="20230726 16:51:43.789" level="INFO">Clicking element 'css=#bs-example-navbar-collapse-1 &gt; ul &gt; li:nth-child(5) &gt; a'.</msg>
<status status="PASS" starttime="20230726 16:51:43.789" endtime="20230726 16:51:44.247"/>
</kw>
<kw name="Wait Until Page Contains Element" library="SeleniumLibrary">
<arg>${ELEMENT_AMAZING_TEAM}</arg>
<doc>Waits until the element ``locator`` appears on the current page.</doc>
<status status="PASS" starttime="20230726 16:51:44.247" endtime="20230726 16:51:44.478"/>
</kw>
<status status="PASS" starttime="20230726 16:51:43.788" endtime="20230726 16:51:44.478"/>
</kw>
<kw name="Close the browser" library="Common" type="TEARDOWN">
<kw name="Sleep" library="BuiltIn">
<arg>3s</arg>
<doc>Pauses the test executed for the given time.</doc>
<msg timestamp="20230726 16:51:47.479" level="INFO">Slept 3 seconds</msg>
<status status="PASS" starttime="20230726 16:51:44.479" endtime="20230726 16:51:47.479"/>
</kw>
<kw name="Close All Browsers" library="SeleniumLibrary">
<doc>Closes all open browsers and resets the browser cache.</doc>
<status status="PASS" starttime="20230726 16:51:47.479" endtime="20230726 16:51:49.746"/>
</kw>
<status status="PASS" starttime="20230726 16:51:44.479" endtime="20230726 16:51:49.747"/>
</kw>
<doc>Access team page</doc>
<tag>001</tag>
<status status="PASS" starttime="20230726 16:51:40.507" endtime="20230726 16:51:49.747"/>
</test>
<test id="s1-t2" name="Team page should match requirements" line="17">
<kw name="Open the browser" library="Common" type="SETUP">
<kw name="Open Browser" library="SeleniumLibrary">
<arg>${URL}</arg>
<arg>${BROWSER}</arg>
<doc>Opens a new browser instance to the optional ``url``.</doc>
<msg timestamp="20230726 16:51:49.752" level="INFO">Opening browser 'chrome' to base url 'https://automationplayground.com/front-office/'.</msg>
<status status="PASS" starttime="20230726 16:51:49.752" endtime="20230726 16:51:57.000"/>
</kw>
<kw name="Maximize Browser Window" library="SeleniumLibrary">
<doc>Maximizes current browser window.</doc>
<status status="PASS" starttime="20230726 16:51:57.000" endtime="20230726 16:51:57.330"/>
</kw>
<kw name="Set Selenium Speed" library="SeleniumLibrary">
<arg>.2s</arg>
<doc>Sets the delay that is waited after each Selenium command.</doc>
<status status="PASS" starttime="20230726 16:51:57.330" endtime="20230726 16:51:57.331"/>
</kw>
<kw name="Set Selenium Timeout" library="SeleniumLibrary">
<arg>10s</arg>
<doc>Sets the timeout that is used by various keywords.</doc>
<status status="PASS" starttime="20230726 16:51:57.331" endtime="20230726 16:51:57.536"/>
</kw>
<status status="PASS" starttime="20230726 16:51:49.752" endtime="20230726 16:51:57.536"/>
</kw>
<kw name="Check Requirements from Team Page" library="FrontOfficeApp">
<kw name="Click Link" library="SeleniumLibrary">
<arg>Team</arg>
<doc>Clicks a link identified by ``locator``.</doc>
<msg timestamp="20230726 16:51:57.538" level="INFO">Clicking link 'Team'.</msg>
<status status="PASS" starttime="20230726 16:51:57.537" endtime="20230726 16:51:58.237"/>
</kw>
<kw name="Wait Until Page Contains" library="SeleniumLibrary">
<arg>Our Amazing Team</arg>
<doc>Waits until ``text`` appears on the current page.</doc>
<status status="PASS" starttime="20230726 16:51:58.237" endtime="20230726 16:51:58.471"/>
</kw>
<kw name="Wait Until Page Contains" library="SeleniumLibrary">
<arg>Kay Garland</arg>
<doc>Waits until ``text`` appears on the current page.</doc>
<status status="PASS" starttime="20230726 16:51:58.471" endtime="20230726 16:51:58.682"/>
</kw>
<kw name="Wait Until Page Contains" library="SeleniumLibrary">
<arg>Lead Designer</arg>
<doc>Waits until ``text`` appears on the current page.</doc>
<status status="PASS" starttime="20230726 16:51:58.682" endtime="20230726 16:51:58.894"/>
</kw>
<kw name="Wait Until Page Contains" library="SeleniumLibrary">
<arg>Larry Parker</arg>
<doc>Waits until ``text`` appears on the current page.</doc>
<status status="PASS" starttime="20230726 16:51:58.894" endtime="20230726 16:51:59.105"/>
</kw>
<kw name="Wait Until Page Contains" library="SeleniumLibrary">
<arg>Lead Marketer</arg>
<doc>Waits until ``text`` appears on the current page.</doc>
<status status="PASS" starttime="20230726 16:51:59.105" endtime="20230726 16:51:59.316"/>
</kw>
<kw name="Wait Until Page Contains" library="SeleniumLibrary">
<arg>Diana Pertersen</arg>
<doc>Waits until ``text`` appears on the current page.</doc>
<status status="PASS" starttime="20230726 16:51:59.316" endtime="20230726 16:51:59.527"/>
</kw>
<kw name="Wait Until Page Contains" library="SeleniumLibrary">
<arg>Lead Developer</arg>
<doc>Waits until ``text`` appears on the current page.</doc>
<status status="PASS" starttime="20230726 16:51:59.527" endtime="20230726 16:51:59.738"/>
</kw>
<status status="PASS" starttime="20230726 16:51:57.537" endtime="20230726 16:51:59.738"/>
</kw>
<kw name="Close the browser" library="Common" type="TEARDOWN">
<kw name="Sleep" library="BuiltIn">
<arg>3s</arg>
<doc>Pauses the test executed for the given time.</doc>
<msg timestamp="20230726 16:52:02.738" level="INFO">Slept 3 seconds</msg>
<status status="PASS" starttime="20230726 16:51:59.738" endtime="20230726 16:52:02.738"/>
</kw>
<kw name="Close All Browsers" library="SeleniumLibrary">
<doc>Closes all open browsers and resets the browser cache.</doc>
<status status="PASS" starttime="20230726 16:52:02.738" endtime="20230726 16:52:05.001"/>
</kw>
<status status="PASS" starttime="20230726 16:51:59.738" endtime="20230726 16:52:05.001"/>
</kw>
<doc>Match Requirements from Team page</doc>
<tag>002</tag>
<status status="PASS" starttime="20230726 16:51:49.750" endtime="20230726 16:52:05.002"/>
</test>
<doc>Front Office Example</doc>
<status status="PASS" starttime="20230726 16:51:40.322" endtime="20230726 16:52:05.006"/>
</suite>
<statistics>
<total>
<stat pass="2" fail="0" skip="0">All Tests</stat>
</total>
<tag>
<stat pass="1" fail="0" skip="0">001</stat>
<stat pass="1" fail="0" skip="0">002</stat>
</tag>
<suite>
<stat pass="2" fail="0" skip="0" id="s1" name="Front Office">Front Office</stat>
</suite>
</statistics>
<errors>
</errors>
</robot>
